0.000000000000000000e+00
-5.000000000000000000e+00
3.000000000000000000e+01
1.000000000000000000e+00
-3.500000000000000000e+02
3.500000000000000000e+02
1.000000000000000000e+01
-7.504134555347263813e-04
-7.946622790768742561e-04
-7.737280684523284435e-04
-7.818595040589570999e-04
-7.668097969144582748e-04
-8.315077284350991249e-04
-7.775969570502638817e-04
-8.295314037241041660e-04
-8.042235858738422394e-04
-8.680243627168238163e-04
-8.209709194488823414e-04
-8.381943334825336933e-04
-8.777113980613648891e-04
-8.344674133695662022e-04
-8.653134573251008987e-04
-9.342440753243863583e-04
-9.119522292166948318e-04
-9.319524979218840599e-04
-8.828876307234168053e-04
-9.225426474586129189e-04
-9.390674531459808350e-04
-9.397284593433141708e-04
-9.923472534865140915e-04
-1.048106467351317406e-03
-1.048270380124449730e-03
-7.502278895117342472e-04
-8.289160323329269886e-04
-9.049559594132006168e-04
-9.223279193975031376e-04
-8.811349980533123016e-04
-9.009297937154769897e-04
-8.510210318490862846e-04
-9.621208882890641689e-04
-9.858907433226704597e-04
-9.821036364883184433e-04
-9.194097365252673626e-04
-7.436337182298302650e-04
-8.313982980325818062e-04
-7.706464966759085655e-04
-7.813828997313976288e-04
-7.650085608474910259e-04
-8.586356416344642639e-04
-8.487968589179217815e-04
-8.415515185333788395e-04
-8.285120129585266113e-04
-8.087750757113099098e-04
-8.612517267465591431e-04
-8.368329727090895176e-04
-8.979846606962382793e-04
-8.692239061929285526e-04
-8.435866329818964005e-04
-8.770975982770323753e-04
-9.170474368147552013e-04
-9.081273456104099751e-04
-8.801281219348311424e-04
-8.907595765776932240e-04
-9.536123834550380707e-04
-9.996889857575297356e-04
-9.933309629559516907e-04
-1.011707237921655178e-03
-5.075852386653423309e-04
-8.210194064304232597e-04
-8.675473509356379509e-04
-8.997429977171123028e-04
-8.791260188445448875e-04
-9.437242406420409679e-04
-8.884325507096946239e-04
-9.688956197351217270e-04
-9.859423153102397919e-04
-1.002020901069045067e-03
-9.708426659926772118e-04
-9.332466288469731808e-04
-7.193640922196209431e-04
-7.909046253189444542e-04
-7.849534158594906330e-04
-8.141823927871882915e-04
-8.042389526963233948e-04
-8.637078572064638138e-04
-8.801996009424328804e-04
-8.732172427698969841e-04
-8.192663080990314484e-04
-8.470411412417888641e-04
-8.447481086477637291e-04
-8.229965460486710072e-04
-8.918195962905883789e-04
-8.587811025790870190e-04
-8.355494355782866478e-04
-8.987644105218350887e-04
-9.578005410730838776e-04
-9.206288959830999374e-04
-8.936033118516206741e-04
-8.945269510149955750e-04
-9.672525338828563690e-04
-9.996707085520029068e-04
-1.004856312647461891e-03
-8.701693150214850903e-04
-8.122364524751901627e-04
-8.736444287933409214e-04
-9.365321602672338486e-04
-8.989756461232900620e-04
-8.810164872556924820e-04
-9.390418417751789093e-04
-9.345665457658469677e-04
-1.050001708790659904e-03
-9.566760854795575142e-04
-1.017757109366357327e-03
-9.817496174946427345e-04
-9.184078662656247616e-04
-7.743297028355300426e-04
-7.975251646712422371e-04
-7.867098320275545120e-04
-8.298818138428032398e-04
-8.304771035909652710e-04
-8.633930701762437820e-04
-8.629083167761564255e-04
-8.832173771224915981e-04
-7.945763063617050648e-04
-8.706431835889816284e-04
-8.407965651713311672e-04
-8.799041388556361198e-04
-7.957536727190017700e-04
-8.871266618371009827e-04
-8.444143459200859070e-04
-9.359274408780038357e-04
-9.556277072988450527e-04
-8.962176507338881493e-04
-9.076792630366981030e-04
-9.639454074203968048e-04
-1.000770484097301960e-03
-1.016267691738903522e-03
-9.892968228086829185e-04
-5.541684222407639027e-04
-8.443074184469878674e-04
-9.094311972148716450e-04
-9.367682505398988724e-04
-9.396130917593836784e-04
-8.811837760731577873e-04
-8.626611088402569294e-04
-9.306691936217248440e-04
-1.060258946381509304e-03
-9.609693661332130432e-04
-1.012810156680643559e-03
-1.004537451080977917e-03
-9.483353933319449425e-04
-7.605445571243762970e-04
-8.007420692592859268e-04
-7.687641191296279430e-04
-8.446648134849965572e-04
-8.191177621483802795e-04
-8.589893695898354053e-04
-8.137906552292406559e-04
-8.344489033333957195e-04
-8.243069751188158989e-04
-8.000442758202552795e-04
-8.801226504147052765e-04
-8.915723883546888828e-04
-8.147279149852693081e-04
-8.823508396744728088e-04
-9.744699927978217602e-04
-9.194591548293828964e-04
-9.731577592901885509e-04
-8.887546719051897526e-04
-9.403625153936445713e-04
-9.172256104648113251e-04
-1.018914626911282539e-03
-1.029517850838601589e-03
-6.545851938426494598e-04
-7.226926973089575768e-04
-8.564231684431433678e-04
-8.970893104560673237e-04
-9.529716335237026215e-04
-8.976942626759409904e-04
-8.481206605210900307e-04
-8.909741882234811783e-04
-9.867576882243156433e-04
-9.802521672099828720e-04
-9.691892773844301701e-04
-1.016617752611637115e-03
-1.008242950774729252e-03
-1.030526589602231979e-03
-7.640998810529708862e-04
-8.141135331243276596e-04
-7.821795297786593437e-04
-8.455697679892182350e-04
-8.484405116178095341e-04
-8.574817911721765995e-04
-8.523227879777550697e-04
-8.529386832378804684e-04
-8.248018566519021988e-04
-8.185743354260921478e-04
-8.875213097780942917e-04
-8.945094887167215347e-04
-8.271307451650500298e-04
-9.268942521885037422e-04
-9.915822884067893028e-04
-9.254825417883694172e-04
-1.003416837193071842e-03
-9.174582082778215408e-04
-9.481750312261283398e-04
-9.057689458131790161e-04
-1.018750714138150215e-03
-9.986120276153087616e-04
-4.799330781679600477e-04
-7.553504547104239464e-04
-8.273507701233029366e-04
-8.377670310437679291e-04
-8.367181289941072464e-04
-8.858248475007712841e-04
-8.983156294561922550e-04
-9.224780369549989700e-04
-1.040118280798196793e-03
-1.038827584125101566e-03
-9.545036591589450836e-04
-1.037774258293211460e-03
-1.012452645227313042e-03
-1.053700223565101624e-03
-7.747200434096157551e-04
-8.132423390634357929e-04
-7.595774950459599495e-04
-8.153354283422231674e-04
-8.831861778162419796e-04
-8.436578209511935711e-04
-8.429710869677364826e-04
-8.903652196750044823e-04
-9.163246722891926765e-04
-8.351607248187065125e-04
-8.626254275441169739e-04
-8.734032162465155125e-04
-8.903246489353477955e-04
-9.194378508254885674e-04
-9.900542208924889565e-04
-9.391979547217488289e-04
-9.848987683653831482e-04
-9.419342968612909317e-04
-9.459626162424683571e-04
-9.426526958122849464e-04
-9.571475093252956867e-04
-2.325535169802606106e-04
-6.576188607141375542e-04
-7.565545383840799332e-04
-7.918286137282848358e-04
-8.060383843258023262e-04
-8.228013175539672375e-04
-8.660508901812136173e-04
-9.267013520002365112e-04
-1.027690246701240540e-03
-1.056683016940951347e-03
-1.034780172631144524e-03
-9.570267284289002419e-04
-9.964532218873500824e-04
-1.023974269628524780e-03
-1.044727978296577930e-03
-7.826446671970188618e-04
-7.891883142292499542e-04
-7.755680708214640617e-04
-8.202948956750333309e-04
-8.846442215144634247e-04
-8.651220123283565044e-04
-8.350297575816512108e-04
-8.821862284094095230e-04
-9.347177110612392426e-04
-9.432508959434926510e-04
-8.853058097884058952e-04
-8.816505433060228825e-04
-9.039621800184249878e-04
-9.092765976674854755e-04
-9.171320125460624695e-04
-9.802491404116153717e-04
-9.982738411054015160e-04
-9.595507290214300156e-04
-9.708785801194608212e-04
-9.698883513920009136e-04
-7.189150783233344555e-04
-4.018441250082105398e-04
-6.359728286042809486e-04
-6.961688050068914890e-04
-7.335597765631973743e-04
-7.323613972403109074e-04
-8.160627912729978561e-04
-8.785961545072495937e-04
-9.417197434231638908e-04
-1.067127916030585766e-03
-1.034842571243643761e-03
-1.039231196045875549e-03
-9.447113261558115482e-04
-9.905790211632847786e-04
-1.026042737066745758e-03
-1.165702007710933685e-03
-7.745740585960447788e-04
-8.169685024768114090e-04
-7.794466218911111355e-04
-8.415959309786558151e-04
-8.711637929081916809e-04
-8.844511467032134533e-04
-8.447431609965860844e-04
-8.928057504817843437e-04
-9.657658520154654980e-04
-9.412147919647395611e-04
-9.062256431207060814e-04
-9.110645623877644539e-04
-9.304649429395794868e-04
-9.289305307902395725e-04
-9.480411536060273647e-04
-9.587449021637439728e-04
-9.378972463309764862e-04
-9.871992515400052071e-04
-9.611662826500833035e-04
-9.610181441530585289e-04
-1.925619435496628284e-04
-4.700372228398919106e-04
-6.228215061128139496e-04
-5.546331522054970264e-04
-6.062195752747356892e-04
-6.693560862913727760e-04
-8.840782102197408676e-04
-9.297906071878969669e-04
-1.015620655380189419e-03
-1.099732238799333572e-03
-1.047506462782621384e-03
-1.081877620890736580e-03
-1.073711202479898930e-03
-1.012323424220085144e-03
-1.047850353643298149e-03
-1.094677601940929890e-03
-7.784068584442138672e-04
-8.258294546976685524e-04
-7.719030836597084999e-04
-8.364161476492881775e-04
-7.908570114523172379e-04
-8.342158980667591095e-04
-8.944113506004214287e-04
-9.156831074506044388e-04
-8.743155631236732006e-04
-9.584325016476213932e-04
-9.330644388683140278e-04
-9.315531933680176735e-04
-8.936591329984366894e-04
-9.340906399302184582e-04
-9.426467586308717728e-04
-9.646576363593339920e-04
-9.360163821838796139e-04
-9.961265604943037033e-04
-9.355477523058652878e-04
-4.260165151208639145e-04
-2.401406236458569765e-04
-4.576403589453548193e-04
-4.831098485738039017e-04
-4.144427366554737091e-04
-4.454267618712037802e-04
-6.784272263757884502e-04
-9.149832185357809067e-04
-9.774739155545830727e-04
-1.086122822016477585e-03
-1.051153521984815598e-03
-1.056518056429922581e-03
-1.099764136597514153e-03
-1.063103438355028629e-03
-1.094105071388185024e-03
-1.061683055013418198e-03
-1.075712265446782112e-03
-8.001596434041857719e-04
-8.783719968050718307e-04
-8.636057609692215919e-04
-8.835890330374240875e-04
-8.274880237877368927e-04
-8.611017838120460510e-04
-8.955761441029608250e-04
-9.549179812893271446e-04
-9.049830841831862926e-04
-9.167734533548355103e-04
-9.282540995627641678e-04
-9.491094970144331455e-04
-8.771629072725772858e-04
-9.332543704658746719e-04
-9.809087496250867844e-04
-9.876631665974855423e-04
-1.012304564937949181e-03
-1.019007409922778606e-03
-9.443244198337197304e-04
8.782217628322541714e-05
-2.523565781302750111e-04
-3.150989068672060966e-04
-2.654392155818641186e-04
-2.560542197898030281e-04
-3.550594556145370007e-04
-6.919325678609311581e-04
-9.722383110783994198e-04
-1.066278200596570969e-03
-1.105651259422302246e-03
-1.047742553055286407e-03
-1.073330291546881199e-03
-1.094922539778053761e-03
-1.016005175188183784e-03
-1.091674668714404106e-03
-1.094570383429527283e-03
-1.067155390046536922e-03
-8.401050581596791744e-04
-8.803216624073684216e-04
-8.848661091178655624e-04
-8.879651431925594807e-04
-8.970423368737101555e-04
-9.604464867152273655e-04
-8.923113346099853516e-04
-9.526110952720046043e-04
-9.340660762973129749e-04
-9.131764527410268784e-04
-9.320977260358631611e-04
-9.596676100045442581e-04
-9.334125206805765629e-04
-9.581163758412003517e-04
-1.015819376334547997e-03
-1.023278804495930672e-03
-9.615213493816554546e-04
-1.003108220174908638e-03
1.783461775630712509e-04
-3.758750608540140092e-05
-1.954243052750825882e-04
-1.398498134221881628e-04
-3.549712346284650266e-05
-6.194868183229118586e-05
-2.376080374233424664e-04
-7.609499152749776840e-04
-1.067890203557908535e-03
-1.066916505806148052e-03
-1.099401619285345078e-03
-1.086143893189728260e-03
-1.067737233825027943e-03
-1.104600843973457813e-03
-1.063411356881260872e-03
-1.110012293793261051e-03
-1.079789828509092331e-03
-1.050074701197445393e-03
-8.560961578041315079e-04
-8.886812720447778702e-04
-8.831466548144817352e-04
-9.173764847218990326e-04
-8.368319831788539886e-04
-9.445633622817695141e-04
-9.615416056476533413e-04
-9.636338218115270138e-04
-9.586139349266886711e-04
-9.425748139619827271e-04
-9.434727253392338753e-04
-9.200982167385518551e-04
-9.373466018587350845e-04
-9.575595613569021225e-04
-1.046804827637970448e-03
-1.017032074742019176e-03
-9.675251203589141369e-04
-9.050722001120448112e-04
3.298229712527245283e-04
3.649620339274406433e-06
-1.163198248832486570e-05
9.873565431917086244e-05
2.893113414756953716e-04
2.074887597700580955e-04
-1.556424685986712575e-04
-8.400676888413727283e-04
-1.129606505855917931e-03
-1.102300360798835754e-03
-1.124195405282080173e-03
-1.122410176321864128e-03
-1.086419215425848961e-03
-1.095979008823633194e-03
-1.075148815289139748e-03
-1.104671857319772243e-03
-1.074078143574297428e-03
-1.062534865923225880e-03
-8.826633566059172153e-04
-8.369160350412130356e-04
-8.366337278857827187e-04
-8.674120181240141392e-04
-8.602962479926645756e-04
-9.808223694562911987e-04
-9.480452863499522209e-04
-9.841891005635261536e-04
-9.469354408793151379e-04
-9.943024488165974617e-04
-9.337577503174543381e-04
-9.388786274939775467e-04
-9.623657097108662128e-04
-9.577504242770373821e-04
-9.869264904409646988e-04
-1.035616267472505569e-03
-9.638043702580034733e-04
4.570705641526728868e-04
2.005749556701630354e-04
1.662927388679236174e-04
3.155967569909989834e-04
5.273916758596897125e-04
6.912141689099371433e-04
5.730917910113930702e-04
-9.144350769929587841e-05
-9.321175748482346535e-04
-1.184477936476469040e-03
-1.127768191508948803e-03
-1.172847114503383636e-03
-1.132201519794762135e-03
-1.151965116150677204e-03
-1.120307249948382378e-03
-1.079993671737611294e-03
-1.081700669601559639e-03
-1.116999657824635506e-03
-1.127664465457201004e-03
-9.007258340716362000e-04
-8.575762039981782436e-04
-8.497071685269474983e-04
-8.920019608922302723e-04
-8.896748768165707588e-04
-9.806450689211487770e-04
-9.519265149720013142e-04
-9.950472740456461906e-04
-1.002551871351897717e-03
-9.488325449638068676e-04
-9.032530360855162144e-04
-9.719054796732962132e-04
-9.673538152128458023e-04
-9.792074561119079590e-04
-1.021727221086621284e-03
-1.047624507918953896e-03
-5.086631281301379204e-04
5.161134758964180946e-04
2.736519381869584322e-04
4.824230854865163565e-04
7.551043527200818062e-04
1.146199181675910950e-03
1.251686597242951393e-03
1.055988250300288200e-03
-2.300744235981255770e-04
-9.918030118569731712e-04
-1.073998049832880497e-03
-1.135100726969540119e-03
-1.160349813289940357e-03
-1.156579703092575073e-03
-1.147640054114162922e-03
-1.115659717470407486e-03
-1.129228970967233181e-03
-1.097457017749547958e-03
-1.125056063756346703e-03
-1.128366566263139248e-03
-8.364410023204982281e-04
-8.709907997399568558e-04
-8.770137210376560688e-04
-9.372392669320106506e-04
-9.367735474370419979e-04
-9.604371152818202972e-04
-9.736928623169660568e-04
-1.023283810354769230e-03
-1.018293085508048534e-03
-1.030151266604661942e-03
-9.525227360427379608e-04
-9.692283347249031067e-04
-9.936352726072072983e-04
-1.045102137140929699e-03
-1.041782204993069172e-03
-1.008476247079670429e-03
8.852123864926397800e-04
3.927419020328670740e-04
5.885452846996486187e-04
9.391474886797368526e-04
1.418272033333778381e-03
1.989813288673758507e-03
2.388755092397332191e-03
2.052318537607789040e-03
-5.347737896954640746e-06
-9.757393854670226574e-04
-1.231832196936011314e-03
-1.190009410493075848e-03
-1.172989723272621632e-03
-1.181144616566598415e-03
-1.168258022516965866e-03
-1.132543431594967842e-03
-1.145801972597837448e-03
-1.134111196734011173e-03
-1.135477097705006599e-03
-1.137814833782613277e-03
-8.344499510712921619e-04
-9.002226870507001877e-04
-8.939539548009634018e-04
-9.173430153168737888e-04
-9.699375368654727936e-04
-9.764118585735559464e-04
-1.000421005301177502e-03
-1.018824521452188492e-03
-9.829441551119089127e-04
-1.055379980243742466e-03
-9.823066648095846176e-04
-9.907231433317065239e-04
-1.020641182549297810e-03
-1.038049114868044853e-03
-9.661382064223289490e-04
-1.111977326218038797e-04
8.890531025826931000e-04
6.373921642079949379e-04
1.074638334102928638e-03
1.660978188738226891e-03
2.612609416246414185e-03
3.415710758417844772e-03
4.329355433583259583e-03
3.636051435023546219e-03
4.387770895846188068e-04
-8.988910121843218803e-04
-1.193383941426873207e-03
-1.236861804500222206e-03
-1.201878534629940987e-03
-1.185928820632398129e-03
-1.207171124406158924e-03
-1.146932598203420639e-03
-1.143868896178901196e-03
-1.189915114082396030e-03
-1.160935615189373493e-03
-1.116105006076395512e-03
-8.645428461022675037e-04
-9.128338424488902092e-04
-9.120902395807206631e-04
-9.254233445972204208e-04
-9.852092480286955833e-04
-1.039958209730684757e-03
-9.811553172767162323e-04
-1.029126928187906742e-03
-1.018456183373928070e-03
-1.060093287378549576e-03
-9.788934839889407158e-04
-1.033009961247444153e-03
-1.040544244460761547e-03
-1.084089046344161034e-03
-9.350876789540052414e-04
1.445857109501957893e-03
9.798937244340777397e-04
1.199876423925161362e-03
1.793272211216390133e-03
2.783894073218107224e-03
4.225654061883687973e-03
5.838436540216207504e-03
7.739795371890068054e-03
6.472879089415073395e-03
1.503915409557521343e-03
-6.667788256891071796e-04
-1.134298043325543404e-03
-1.276174210943281651e-03
-1.222384977154433727e-03
-1.194462995044887066e-03
-1.204986823722720146e-03
-1.172771444544196129e-03
-1.148499199189245701e-03
-1.182271633297204971e-03
-1.187151647172868252e-03
-1.123535330407321453e-03
-9.431576472707092762e-04
-9.355961228720843792e-04
-9.577788878232240677e-04
-9.594561415724456310e-04
-9.448364726267755032e-04
-1.062344759702682495e-03
-1.023816992528736591e-03
-1.045536482706665993e-03
-1.045737881213426590e-03
-1.029749866575002670e-03
-1.080846181139349937e-03
-1.029543578624725342e-03
-1.087900134734809399e-03
-1.068559940904378891e-03
2.100154233630746603e-04
1.487891655415296555e-03
1.269016996957361698e-03
1.941921771503984928e-03
2.852170960977673531e-03
4.483392462134361267e-03
7.145875133574008942e-03
1.042841002345085144e-02
1.298173703253269196e-02
9.809484705328941345e-03
3.587972139939665794e-03
-5.790667491964995861e-04
-1.242671394720673561e-03
-1.266038510948419571e-03
-1.247105537913739681e-03
-1.314830733463168144e-03
-1.187130343168973923e-03
-1.250659464858472347e-03
-1.184164779260754585e-03
-1.254586153663694859e-03
-1.210393500514328480e-03
-1.133366837166249752e-03
-9.730891324579715729e-04
-9.447530028410255909e-04
-9.638000628910958767e-04
-9.788796305656433105e-04
-9.578770841471850872e-04
-1.085055409930646420e-03
-1.077580498531460762e-03
-1.108361408114433289e-03
-1.025252742692828178e-03
-1.067691715434193611e-03
-1.111743389628827572e-03
-1.055044354870915413e-03
-1.012217253446578979e-03
-9.526564972475171089e-04
2.092530019581317902e-03
1.605859491974115372e-03
1.965908799320459366e-03
2.920124446973204613e-03
4.566778428852558136e-03
7.390039507299661636e-03
1.204828452318906784e-02
1.525613944977521896e-02
1.680507324635982513e-02
1.212869212031364441e-02
4.137832205742597580e-03
-7.335823029279708862e-04
-1.375959138385951519e-03
-1.287629827857017517e-03
-1.306341262534260750e-03
-1.326609519310295582e-03
-1.245208783075213432e-03
-1.307911239564418793e-03
-1.198967220261693001e-03
-1.286417129449546337e-03
-1.241596881300210953e-03
-1.152870245277881622e-03
-9.912778623402118683e-04
-9.752380428835749626e-04
-9.779075626283884048e-04
-9.966775542125105858e-04
-1.006203936412930489e-03
-1.076861517503857613e-03
-1.109199132770299911e-03
-1.134643447585403919e-03
-1.035708119161427021e-03
-1.114649930968880653e-03
-1.077448134310543537e-03
-1.095386338420212269e-03
-1.026486046612262726e-03
5.817740457132458687e-04
2.179474802687764168e-03
2.190324012190103531e-03
2.978802192956209183e-03
4.329169169068336487e-03
7.323806639760732651e-03
1.214756350964307785e-02
1.601796597242355347e-02
1.570929773151874542e-02
1.725411973893642426e-02
1.334588415920734406e-02
5.624312441796064377e-03
-1.138522871769964695e-03
-1.437037251889705658e-03
-1.359353191219270229e-03
-1.331013860180974007e-03
-1.256867777556180954e-03
-1.289802254177629948e-03
-1.329798600636422634e-03
-1.236394164152443409e-03
-1.276101567782461643e-03
-1.306496909819543362e-03
-1.198319601826369762e-03
-9.651858708821237087e-04
-9.679903159849345684e-04
-9.690881706774234772e-04
-9.944025659933686256e-04
-1.075191074050962925e-03
-1.126387389376759529e-03
-1.150694559328258038e-03
-1.164009212516248226e-03
-1.115539227612316608e-03
-1.075222506187856197e-03
-1.127213123254477978e-03
-1.085756462998688221e-03
-9.128209203481674194e-04
3.069222904741764069e-03
2.527432749047875404e-03
3.188163507729768753e-03
4.126830957829952240e-03
6.388073787093162537e-03
1.143737509846687317e-02
1.524597592651844025e-02
1.469764672219753265e-02
1.312448736280202866e-02
1.522269006818532944e-02
1.202228944748640060e-02
2.953832037746906281e-03
-1.339042908512055874e-03
-1.483164145611226559e-03
-1.418349100276827812e-03
-1.367807853966951370e-03
-1.319179660640656948e-03
-1.323914155364036560e-03
-1.335136825218796730e-03
-1.292657456360757351e-03
-1.319748465903103352e-03
-1.326629077084362507e-03
-1.239160192199051380e-03
-9.594481671229004860e-04
-1.018870272673666477e-03
-9.990140097215771675e-04
-1.034260145388543606e-03
-1.091834972612559795e-03
-1.142528606578707695e-03
-1.209024107083678246e-03
-1.190445502288639545e-03
-1.227270928211510181e-03
-1.126822666265070438e-03
-1.176577294245362282e-03
-1.087639131583273411e-03
9.453281527385115623e-04
3.419577842578291893e-03
3.203940344974398613e-03
4.194814711809158325e-03
5.599424708634614944e-03
9.468132629990577698e-03
1.382042281329631805e-02
1.468815002590417862e-02
1.128967944532632828e-02
1.108259707689285278e-02
1.266207732260227203e-02
9.770050644874572754e-03
3.211517760064452887e-04
-1.498211990110576153e-03
-1.516991178505122662e-03
-1.471893279813230038e-03
-1.401482732035219669e-03
-1.389920944347977638e-03
-1.394894905388355255e-03
-1.408716198056936264e-03
-1.332271611317992210e-03
-1.399467466399073601e-03
-1.357575994916260242e-03
-1.357424538582563400e-03
-1.006446778774261475e-03
-1.058699563145637512e-03
-1.072120619937777519e-03
-1.063303789123892784e-03
-1.137782703153789043e-03
-1.191894756630063057e-03
-1.195344841107726097e-03
-1.244509709067642689e-03
-1.260202145203948021e-03
-1.189147937111556530e-03
-1.200335449539124966e-03
-1.058604102581739426e-03
3.561920719221234322e-03
3.861617995426058769e-03
4.150818567723035812e-03
5.279936362057924271e-03
7.320316974073648453e-03
1.180396042764186859e-02
1.395516842603683472e-02
1.156946644186973572e-02
8.539356291294097900e-03
9.774272330105304718e-03
1.056060753762722015e-02
6.950501352548599243e-03
-1.473096781410276890e-03
-1.606095815077424049e-03
-1.554839080199599266e-03
-1.555445720441639423e-03
-1.494863419793546200e-03
-1.498472527600824833e-03
-1.451328513212502003e-03
-1.471641706302762032e-03
-1.459454186260700226e-03
-1.431509386748075485e-03
-1.442364766262471676e-03
-1.335397479124367237e-03
-1.089653582312166691e-03
-1.074482803232967854e-03
-1.058850786648690701e-03
-1.135470694862306118e-03
-1.178191625513136387e-03
-1.252790912985801697e-03
-1.232779002748429775e-03
-1.271315733902156353e-03
-1.332766027189791203e-03
-1.331527368165552616e-03
-1.193598145619034767e-03
3.763307176996022463e-06
4.723335616290569305e-03
4.457981325685977936e-03
4.868741147220134735e-03
6.329606752842664719e-03
9.192953817546367645e-03
1.242177654057741165e-02
1.108730398118495941e-02
8.594559505581855774e-03
6.551119964569807053e-03
7.918007671833038330e-03
8.673954755067825317e-03
2.316124271601438522e-03
-1.683102920651435852e-03
-1.697546220384538174e-03
-1.649330835789442062e-03
-1.579892355948686600e-03
-1.567087718285620213e-03
-1.540841883979737759e-03
-1.510348170995712280e-03
-1.508115790784358978e-03
-1.549025531858205795e-03
-1.489530433900654316e-03
-1.491115079261362553e-03
-1.507919514551758766e-03
-1.111299265176057816e-03
-1.150982338003814220e-03
-1.119246706366539001e-03
-1.191322226077318192e-03
-1.246763858944177628e-03
-1.270506414584815502e-03
-1.295052934437990189e-03
-1.309893326833844185e-03
-1.319308415986597538e-03
-1.395876985043287277e-03
-1.224052160978317261e-03
2.643552143126726151e-03
5.371009465306997299e-03
5.159892141819000244e-03
5.599259864538908005e-03
7.613171823322772980e-03
1.014250237494707108e-02
1.038292981684207916e-02
8.135416544973850250e-03
6.108495406806468964e-03
5.572712980210781097e-03
6.316183134913444519e-03
6.950680632144212723e-03
-1.327457837760448456e-03
-1.730409217998385429e-03
-1.747141708619892597e-03
-1.769492868334054947e-03
-1.656816108152270317e-03
-1.585229649208486080e-03
-1.663955510593950748e-03
-1.591658336110413074e-03
-1.588642015121877193e-03
-1.630265964195132256e-03
-1.643283758312463760e-03
-1.502040540799498558e-03
-1.569218700751662254e-03
-1.159883919171988964e-03
-1.181242521852254868e-03
-1.169931259937584400e-03
-1.239176024682819843e-03
-1.271939137950539589e-03
-1.398125314153730869e-03
-1.381480135023593903e-03
-1.389749115332961082e-03
-1.373913022689521313e-03
-1.433483208529651165e-03
-5.328747793100774288e-04
4.757337737828493118e-03
5.743510555475950241e-03
5.652912892401218414e-03
6.536362227052450180e-03
8.531113155186176300e-03
9.639311581850051880e-03
8.076791651546955109e-03
5.926153156906366348e-03
4.125308711081743240e-03
4.509156104177236557e-03
5.544057581573724747e-03
2.805571071803569794e-03
-1.715224818326532841e-03
-1.840784912928938866e-03
-1.838607713580131531e-03
-1.827607396990060806e-03
-1.734482124447822571e-03
-1.657583517953753471e-03
-1.665402669459581375e-03
-1.662551891058683395e-03
-1.715246820822358131e-03
-1.604045974090695381e-03
-1.640978967770934105e-03
-1.629827427677810192e-03
-1.623370219022035599e-03
-1.259351614862680435e-03
-1.240481738932430744e-03
-1.190115232020616531e-03
-1.302930875681340694e-03
-1.341020804829895496e-03
-1.440788735635578632e-03
-1.436764840036630630e-03
-1.442791428416967392e-03
-1.437213853932917118e-03
-1.388255739584565163e-03
1.129517797380685806e-03
5.649386439472436905e-03
6.164686754345893860e-03
6.382178980857133865e-03
7.428068201988935471e-03
8.750814944505691528e-03
8.159759454429149628e-03
6.535834167152643204e-03
4.047583322972059250e-03
2.940485253930091858e-03
3.716494655236601830e-03
4.764585755765438080e-03
-1.490655471570789814e-03
-1.845012418925762177e-03
-1.896869624033570290e-03
-1.933583873324096203e-03
-1.872427877970039845e-03
-1.801267499104142189e-03
-1.782778650522232056e-03
-1.719600055366754532e-03
-1.714211655780673027e-03
-1.759870443493127823e-03
-1.667701522819697857e-03
-1.699946005828678608e-03
-1.665735500864684582e-03
-1.680493005551397800e-03
-1.309456420131027699e-03
-1.330771832726895809e-03
-1.268146559596061707e-03
-1.406184048391878605e-03
-1.439016428776085377e-03
-1.514475326985120773e-03
-1.525742351077497005e-03
-1.512901973910629749e-03
-1.583350589498877525e-03
-1.260039862245321274e-03
2.570611191913485527e-03
5.752801429480314255e-03
6.382377818226814270e-03
7.161896210163831711e-03
7.922610267996788025e-03
8.161460049450397491e-03
6.952732801437377930e-03
4.300294909626245499e-03
2.429319312795996666e-03
2.383328741416335106e-03
3.289958462119102478e-03
1.533643458969891071e-03
-1.834414084441959858e-03
-1.910829218104481697e-03
-1.975046936422586441e-03
-2.009351272135972977e-03
-1.979703782126307487e-03
-1.867157872766256332e-03
-1.830120338127017021e-03
-1.786464010365307331e-03
-1.751478761434555054e-03
-1.787539455108344555e-03
-1.719762803986668587e-03
-1.787804882042109966e-03
-1.719533582217991352e-03
-1.693816040642559528e-03
-1.391951343975961208e-03
-1.440422958694398403e-03
-1.364049618132412434e-03
-1.492044306360185146e-03
-1.573833636939525604e-03
-1.637335284613072872e-03
-1.673263264819979668e-03
-1.654744148254394531e-03
-1.607931102626025677e-03
-7.639551768079400063e-04
3.533047856763005257e-03
5.470662377774715424e-03
6.490858271718025208e-03
7.287253625690937042e-03
7.592649664729833603e-03
6.861832458525896072e-03
4.674901720136404037e-03
2.521772170439362526e-03
1.419649692252278328e-03
1.886659068986773491e-03
2.849914133548736572e-03
-1.747592934407293797e-03
-1.955097075551748276e-03
-2.031506970524787903e-03
-2.029915107414126396e-03
-2.052011899650096893e-03
-2.048523165285587311e-03
-1.936646760441362858e-03
-1.888255472294986248e-03
-1.879346324130892754e-03
-1.850265776738524437e-03
-1.819807570427656174e-03
-1.781257335096597672e-03
-1.842364552430808544e-03
-1.722475630231201649e-03
-1.738014165312051773e-03
-1.396069535985589027e-03
-1.555007300339639187e-03
-1.657186890952289104e-03
-1.694544684141874313e-03
-1.802813145332038403e-03
-1.869097701273858547e-03
-1.864614430814981461e-03
-1.904595759697258472e-03
-1.766606466844677925e-03
5.888869054615497589e-05
3.253381233662366867e-03
4.900977481156587601e-03
5.891421809792518616e-03
6.417230237275362015e-03
6.209671963006258011e-03
4.064286127686500549e-03
2.561652567237615585e-03
1.062843832187354565e-03
8.489732863381505013e-04
1.649743877351284027e-03
1.062478113453835249e-04
-1.941441558301448822e-03
-2.061419188976287842e-03
-2.112216781824827194e-03
-2.107965061441063881e-03
-2.168563660234212875e-03
-2.131886081770062447e-03
-2.061481587588787079e-03
-1.971829216927289963e-03
-1.912097446620464325e-03
-1.909267622977495193e-03
-1.914008287712931633e-03
-1.870365114882588387e-03
-1.849769381806254387e-03
-1.826597144827246666e-03
-1.826859079301357269e-03
-1.522045582532882690e-03
-1.988995354622602463e-03
-2.100582700222730637e-03
-2.094996627420186996e-03
-2.227234188467264175e-03
-2.274586120620369911e-03
-2.228369237855076790e-03
-2.240263391286134720e-03
-1.900571049191057682e-03
4.442659555934369564e-04
2.461813623085618019e-03
4.014173056930303574e-03
4.606172908097505569e-03
4.445367027074098587e-03
3.580046584829688072e-03
1.946785021573305130e-03
9.386643068864941597e-04
1.325134653598070145e-04
5.502481362782418728e-04
1.285370090045034885e-03
-2.025685505941510201e-03
-2.107024658471345901e-03
-2.177357673645019531e-03
-2.274854341521859169e-03
-2.263651927933096886e-03
-2.322062151506543159e-03
-2.205800032243132591e-03
-2.194468164816498756e-03
-2.108415355905890465e-03
-2.072620671242475510e-03
-2.088737906888127327e-03
-2.071702387183904648e-03
-2.056414261460304260e-03
-1.958093373104929924e-03
-1.883428893052041531e-03
-1.823168946430087090e-03
-1.681286143139004707e-03
-2.290358999744057655e-03
-2.370879054069519043e-03
-2.306911861523985863e-03
-2.391287824138998985e-03
-2.355379983782768250e-03
-2.294903853908181190e-03
-2.203185111284255981e-03
-1.625277451239526272e-03
2.880233223550021648e-04
1.912042731419205666e-03
2.924122149124741554e-03
3.093300620093941689e-03
2.478536916896700859e-03
1.672546728514134884e-03
7.262282306328415871e-04
-5.930714905844070017e-05
-1.996148057514801621e-04
7.302268641069531441e-04
-1.272017369046807289e-03
-2.055594697594642639e-03
-2.055382356047630310e-03
-2.111522946506738663e-03
-2.235308056697249413e-03
-2.307493472471833229e-03
-2.231284743174910545e-03
-2.143894555047154427e-03
-2.062878571450710297e-03
-1.943019684404134750e-03
-1.953808125108480453e-03
-1.874753390438854694e-03
-1.858974224887788296e-03
-1.858339994214475155e-03
-1.805285923182964325e-03
-1.745878602378070354e-03
-1.694311853498220444e-03
-1.871596090495586395e-03
-1.741595449857413769e-03
-1.760529470629990101e-03
-1.777054392732679844e-03
-1.848965068347752094e-03
-1.872158842161297798e-03
-1.888658152893185616e-03
-1.783687039278447628e-03
-1.001092721708118916e-03
1.903203083202242851e-04
1.268949592486023903e-03
1.711419434286653996e-03
1.575020141899585724e-03
1.056866021826863289e-03
6.369881448335945606e-04
3.449622454354539514e-06
-4.425125662237405777e-04
7.230701157823204994e-05
-4.869845579378306866e-04
-1.927597215399146080e-03
-1.918925903737545013e-03
-1.988416304811835289e-03
-2.054182346910238266e-03
-2.129342406988143921e-03
-2.167376689612865448e-03
-2.113702474161982536e-03
-1.993458718061447144e-03
-1.940406393259763718e-03
-1.911645405925810337e-03
-1.851815963163971901e-03
-1.808876870200037956e-03
-1.813220325857400894e-03
-1.763454172760248184e-03
-1.755464472807943821e-03
-1.675730338320136070e-03
-1.636232598684728146e-03
-1.850663102231919765e-03
-1.562875928357243538e-03
-1.619035145267844200e-03
-1.640742295421659946e-03
-1.768053276464343071e-03
-1.839585835114121437e-03
-1.802795683033764362e-03
-1.674798084422945976e-03
-9.529207018204033375e-04
-1.352895196760073304e-04
4.540871595963835716e-04
6.547729717567563057e-04
5.023093544878065586e-04
2.358959172852337360e-04
-1.605686557013541460e-04
-4.868131363764405251e-04
-4.990951274521648884e-04
3.296217182651162148e-04
-1.783797401003539562e-03
-1.831429079174995422e-03
-1.854128669947385788e-03
-1.937842927873134613e-03
-1.983336638659238815e-03
-2.088449429720640182e-03
-2.156595233827829361e-03
-2.061882754787802696e-03
-2.039016224443912506e-03
-1.910054241307079792e-03
-1.864836085587739944e-03
-1.812187139876186848e-03
-1.759079168550670147e-03
-1.775971730239689350e-03
-1.715648220852017403e-03
-1.711977529339492321e-03
-1.674736500717699528e-03
-1.673345104791224003e-03
-1.722902059555053711e-03
-1.543188001960515976e-03
-1.645947806537151337e-03
-1.674389350228011608e-03
-1.687512616626918316e-03
-1.812716480344533920e-03
-1.750015886500477791e-03
-1.472979667596518993e-03
-1.026571495458483696e-03
-4.208749451208859682e-04
-1.184178472612984478e-04
2.279948603245429695e-05
-8.978677215054631233e-05
-3.128432435914874077e-04
-5.618194118142127991e-04
-6.754882633686065674e-04
-2.890698960982263088e-04
-1.420595217496156693e-03
-1.762865926139056683e-03
-1.774533651769161224e-03
-1.874519279226660728e-03
-1.929594902321696281e-03
-1.935776905156672001e-03
-2.047737129032611847e-03
-2.059233374893665314e-03
-2.007409930229187012e-03
-2.009132644161581993e-03
-1.875989953987300396e-03
-1.836656476370990276e-03
-1.849449123255908489e-03
-1.746145077049732208e-03
-1.793761155568063259e-03
-1.717183273285627365e-03
-1.679301261901855469e-03
-1.634008018299937248e-03
-1.648415112867951393e-03
-1.721741515211760998e-03
-1.538399723358452320e-03
-1.659317407757043839e-03
-1.646133023314177990e-03
-1.660268753767013550e-03
-1.789981266483664513e-03
-1.707058981992304325e-03
-1.433947123587131500e-03
-1.019976683892309666e-03
-7.207364542409777641e-04
-5.034015048295259476e-04
-4.245311138220131397e-04
-4.487960832193493843e-04
-6.547467783093452454e-04
-7.721289875917136669e-04
-7.740577566437423229e-04
-4.003795911557972431e-04
-1.718497369438409805e-03
-1.725917914882302284e-03
-1.731857773847877979e-03
-1.822987222112715244e-03
-1.890235813334584236e-03
-1.899480936117470264e-03
-1.998792402446269989e-03
-2.049085684120655060e-03
-1.971915829926729202e-03
-1.961278496310114861e-03
-1.833534450270235538e-03
-1.801792997866868973e-03
-1.773857744410634041e-03
-1.722585526295006275e-03
-1.755723147653043270e-03
-1.633810810744762421e-03
-1.631028833799064159e-03
-1.593988738022744656e-03
-1.601090887561440468e-03
-1.773830852471292019e-03
-1.624925411306321621e-03
-1.705675502307713032e-03
-1.690388657152652740e-03
-1.758994767442345619e-03
-1.820874633267521858e-03
-1.624338561668992043e-03
-1.425517606548964977e-03
-1.260536606423556805e-03
-9.171509300358593464e-04
-7.660333649255335331e-04
-7.368416991084814072e-04
-7.606631843373179436e-04
-8.625646587461233139e-04
-9.389953338541090488e-04
-4.565784474834799767e-04
-1.662609982304275036e-03
-1.736855483613908291e-03
-1.690741162747144699e-03
-1.760418293997645378e-03
-1.786188688129186630e-03
-1.770055503584444523e-03
-1.853228546679019928e-03
-1.854336936958134174e-03
-2.001405227929353714e-03
-1.921671675518155098e-03
-1.862424891442060471e-03
-1.800137222744524479e-03
-1.761797117069363594e-03
-1.719396095722913742e-03
-1.676972024142742157e-03
-1.632508821785449982e-03
-1.583771547302603722e-03
-1.550625311210751534e-03
-1.555752358399331570e-03
-1.545179635286331177e-03
-1.994533231481909752e-03
-1.942132250405848026e-03
-1.988238422200083733e-03
-1.971241319552063942e-03
-2.029197523370385170e-03
-1.942777656950056553e-03
-1.810092362575232983e-03
-1.570926164276897907e-03
-1.445232890546321869e-03
-1.133712474256753922e-03
-1.057409332133829594e-03
-1.027775811962783337e-03
-1.065062708221375942e-03
-1.116994419135153294e-03
-9.001608123071491718e-04
-1.534339622594416142e-03
-1.743318513035774231e-03
-1.716608996503055096e-03
-1.692206715233623981e-03
-1.684294897131621838e-03
-1.780222170054912567e-03
-1.832935959100723267e-03
-1.858378527685999870e-03
-1.861279597505927086e-03
-1.956992084160447121e-03
-1.876943279057741165e-03
-1.801446196623146534e-03
-1.785710221156477928e-03
-1.695163897238671780e-03
-1.650989754125475883e-03
-1.614089356735348701e-03
-1.619308255612850189e-03
-1.563515746966004372e-03
-1.528237946331501007e-03
-1.556651899591088295e-03
-1.523571205325424671e-03
-2.162976423278450966e-03
-1.743213622830808163e-03
-1.760006183758378029e-03
-1.755991834215819836e-03
-1.795410877093672752e-03
-1.676040701568126678e-03
-1.533366623334586620e-03
-1.505241380073130131e-03
-1.414678641594946384e-03
-1.354551059193909168e-03
-1.267452375032007694e-03
-1.174603006802499294e-03
-1.254643895663321018e-03
-1.304142060689628124e-03
-1.519795972853899002e-03
-1.719945110380649567e-03
-1.763809821568429470e-03
-1.707161893136799335e-03
-1.662283786572515965e-03
-1.693637808784842491e-03
-1.794164534658193588e-03
-1.764755463227629662e-03
-1.836174982599914074e-03
-1.807673834264278412e-03
-1.891712658107280731e-03
-1.852501416578888893e-03
-1.770548638887703419e-03
-1.757749123498797417e-03
-1.616226974874734879e-03
-1.633953419514000416e-03
-1.648491946980357170e-03
-1.626838464289903641e-03
-1.524588558822870255e-03
-1.588833751156926155e-03
-1.543635153211653233e-03
-1.519264420494437218e-03
-1.724162255413830280e-03
-1.528784050606191158e-03
-1.615320215933024883e-03
-1.581520540639758110e-03
-1.627147546969354153e-03
-1.579994219355285168e-03
-1.473726355470716953e-03
-1.478753169067203999e-03
-1.387334079481661320e-03
-1.450872747227549553e-03
-1.369161764159798622e-03
-1.325877616181969643e-03
-1.410944620147347450e-03
-1.648790552280843258e-03
-1.777336932718753815e-03
-1.772510353475809097e-03
-1.802431885153055191e-03
-1.720824744552373886e-03
-1.674147322773933411e-03
-1.672200625762343407e-03
-1.746370573528110981e-03
-1.711767399683594704e-03
-1.808470929972827435e-03
-1.837972784414887428e-03
-1.865329570136964321e-03
-1.848706277087330818e-03
-1.802264479920268059e-03
-1.772255520336329937e-03
-1.682922476902604103e-03
-1.672585145570337772e-03
-1.651191036216914654e-03
-1.670839614234864712e-03
-1.644392265006899834e-03
-1.604753430001437664e-03
-1.569321844726800919e-03
-1.520089106634259224e-03
-2.439950825646519661e-03
-1.984476810321211815e-03
-2.046881243586540222e-03
-2.098467666655778885e-03
-1.981297507882118225e-03
-2.015397418290376663e-03
-1.969476928934454918e-03
-1.980423694476485252e-03
-2.000262262299656868e-03
-2.026509493589401245e-03
-1.942796749062836170e-03
-1.974397571757435799e-03
-2.221259754151105881e-03
-2.329952549189329147e-03
-2.445116173475980759e-03
-2.455223584547638893e-03
-2.525789896026253700e-03
-2.423529513180255890e-03
-2.486199373379349709e-03
-2.460374264046549797e-03
-2.505470532923936844e-03
-2.511115977540612221e-03
-2.603296190500259399e-03
-2.761908806860446930e-03
-2.821888774633407593e-03
-2.827021293342113495e-03
-2.789004473015666008e-03
-2.711615990847349167e-03
-2.642553998157382011e-03
-2.678301883861422539e-03
-2.610404510051012039e-03
-2.595581114292144775e-03
-2.608410082757472992e-03
-2.497144741937518120e-03
-2.447115257382392883e-03
-2.382815349847078323e-03
-2.320354571565985680e-03
-1.961665926501154900e-03
-1.960695721209049225e-03
-1.988709438592195511e-03
-1.830447930842638016e-03
-1.898400252684950829e-03
-1.866116188466548920e-03
-1.871432526968419552e-03
-1.852259854786098003e-03
-1.802081940695643425e-03
-1.990131800994277000e-03
-2.087236382067203522e-03
-2.121468540281057358e-03
-2.235449152067303658e-03
-2.301966771483421326e-03
-2.283592708408832550e-03
-2.404300263151526451e-03
-2.372887218371033669e-03
-2.401523292064666748e-03
-2.388500841334462166e-03
-2.446221187710762024e-03
-2.452166983857750893e-03
-2.377666998654603958e-03
-2.468493767082691193e-03
-2.505924087017774582e-03
-2.434724941849708557e-03
-2.416358329355716705e-03
-2.323074964806437492e-03
-2.283243462443351746e-03
-2.336105331778526306e-03
-2.290258416905999184e-03
-2.257869346067309380e-03
-2.283190842717885971e-03
-2.251001307740807533e-03
-2.200913615524768829e-03
-2.100332872942090034e-03
-2.099752658978104591e-03
-1.843246747739613056e-03
-1.858625910244882107e-03
-1.886356389150023460e-03
-1.723079592920839787e-03
-1.781136263161897659e-03
-1.779478625394403934e-03
-1.765227527357637882e-03
-1.705322065390646458e-03
-1.882795244455337524e-03
-1.932708430103957653e-03
-1.953318249434232712e-03
-1.942773465998470783e-03
-2.070876769721508026e-03
-2.070988295599818230e-03
-2.083100378513336182e-03
-2.133100293576717377e-03
-2.166479593142867088e-03
-2.200626302510499954e-03
-2.231663092970848083e-03
-2.292075194418430328e-03
-2.246978692710399628e-03
-2.264827955514192581e-03
-2.377945696935057640e-03
-2.406365703791379929e-03
-2.347412286326289177e-03
-2.297253347933292389e-03
-2.223503775894641876e-03
-2.154103945940732956e-03
-2.193026011809706688e-03
-2.166914287954568863e-03
-2.216759137809276581e-03
-2.103132195770740509e-03
-2.140494063496589661e-03
-2.088243141770362854e-03
-2.151633379980921745e-03
-2.031926065683364868e-03
-1.785176340490579605e-03
-1.766643836162984371e-03
-1.646577962674200535e-03
-1.711809774860739708e-03
-1.797098899260163307e-03
-1.726126531139016151e-03
-1.785460393875837326e-03
-1.955987652763724327e-03
-1.918876892887055874e-03
-1.900071278214454651e-03
-1.956682186573743820e-03
-1.960248220711946487e-03
-2.036250894889235497e-03
-2.093835966661572456e-03
-2.054708311334252357e-03
-2.068503759801387787e-03
-2.130887471139431000e-03
-2.150401705875992775e-03
-2.189573133364319801e-03
-2.177076414227485657e-03
-2.195677720010280609e-03
-2.252121688798069954e-03
-2.325277542695403099e-03
-2.319808816537261009e-03
-2.340988954529166222e-03
-2.331939060240983963e-03
-2.238052897155284882e-03
-2.228401834145188332e-03
-2.111850772053003311e-03
-2.126097446307539940e-03
-2.167388796806335449e-03
-2.089736051857471466e-03
-2.098622731864452362e-03
-2.125579863786697388e-03
-2.019662410020828247e-03
-1.955883344635367393e-03
-1.724208006635308266e-03
-1.735163503326475620e-03
-1.694652717560529709e-03
-1.722425105981528759e-03
-1.782660605385899544e-03
-1.820643898099660873e-03
-1.931016216985881329e-03
-1.966504380106925964e-03
-1.950296107679605484e-03
-1.892325235530734062e-03
-1.900299452245235443e-03
-1.947634504176676273e-03
-1.969407778233289719e-03
-2.077309647575020790e-03
-2.024060115218162537e-03
-2.068169647827744484e-03
-2.118982141837477684e-03
-2.151202410459518433e-03
-2.179929055273532867e-03
-2.134411595761775970e-03
-2.154866931959986687e-03
-2.194489818066358566e-03
-2.277082065120339394e-03
-2.302997745573520660e-03
-2.320269355550408363e-03
-2.323544351384043694e-03
-2.228075638413429260e-03
-2.228427212685346603e-03
-2.137098927050828934e-03
-2.126761246472597122e-03
-2.100062556564807892e-03
-2.094326075166463852e-03
-2.116784919053316116e-03
-2.077393932268023491e-03
-2.095039235427975655e-03
-1.926172757521271706e-03
-1.729744370095431805e-03
-1.744419219903647900e-03
-1.653041923418641090e-03
-1.748181413859128952e-03
-1.874525565654039383e-03
-1.888199709355831146e-03
-1.937735942192375660e-03
-1.915088854730129242e-03
-1.946759759448468685e-03
-1.855134498327970505e-03
-1.926034572534263134e-03
-1.919702859595417976e-03
-1.950970035977661610e-03
-2.051773481070995331e-03
-1.989239593967795372e-03
-2.048968570306897163e-03
-2.143092220649123192e-03
-2.065286738798022270e-03
-2.135569695383310318e-03
-2.147270133718848228e-03
-2.166051417589187622e-03
-2.169748302549123764e-03
-2.234782790765166283e-03
-2.256012056022882462e-03
-2.273272490128874779e-03
-2.201827708631753922e-03
-2.200322924181818962e-03
-2.168180420994758606e-03
-2.126008970662951469e-03
-2.135297516360878944e-03
-2.125001978129148483e-03
-2.043991116806864738e-03
-2.072855830192565918e-03
-2.028936287388205528e-03
-2.056029858067631721e-03
-1.917613786645233631e-03
-1.721888431347906590e-03
-1.702680834569036961e-03
-1.697991276159882545e-03
-1.803230261430144310e-03
-1.889565493911504745e-03
-1.878776703961193562e-03
-1.862290431745350361e-03
-1.885923789814114571e-03
-1.904957694932818413e-03
-1.893713488243520260e-03
-1.911197206936776638e-03
-1.904255943372845650e-03
-1.916989102028310299e-03
-1.979081891477108002e-03
-2.022649627178907394e-03
-2.032023854553699493e-03
-2.035534009337425232e-03
-2.052053576335310936e-03
-2.056106692180037498e-03
-2.092920942232012749e-03
-2.064490923658013344e-03
-2.073044423013925552e-03
-2.157843206077814102e-03
-2.187031786888837814e-03
-2.249656477943062782e-03
-2.135665854439139366e-03
-2.150390297174453735e-03
-2.112627727910876274e-03
-2.075921744108200073e-03
-2.080323873087763786e-03
-2.109061460942029953e-03
-2.018576255068182945e-03
-1.967336982488632202e-03
-1.981097273528575897e-03
-1.992343924939632416e-03
-1.907172962091863155e-03
-1.746071968227624893e-03
-1.765492139384150505e-03
-1.800833735615015030e-03
-1.843181904405355453e-03
-1.870295265689492226e-03
-1.880618976429104805e-03
-1.852250192314386368e-03
-1.868040300905704498e-03
-1.891569932922720909e-03
-1.808744156733155251e-03
-1.875490183010697365e-03
-1.892236876301467419e-03
-1.941633643582463264e-03
-1.949889003299176693e-03
-1.985466573387384415e-03
-2.001359127461910248e-03
-1.975709805265069008e-03
-1.978569664061069489e-03
-1.988729229196906090e-03
-1.993642887100577354e-03
-2.031192416325211525e-03
-2.030292758718132973e-03
-2.127066254615783691e-03
-2.158551244065165520e-03
-2.162736374884843826e-03
-2.166718244552612305e-03
-2.094839932397007942e-03
-2.039661863818764687e-03
-2.046761568635702133e-03
-2.045919885858893394e-03
-2.039356622844934464e-03
-2.023746026679873466e-03
-1.929225283674895763e-03
-1.937097636982798576e-03
-1.926167169585824013e-03
-1.884960685856640339e-03
-1.752349315211176872e-03
-1.805673469789326191e-03
-1.825602492317557335e-03
-1.848931773565709591e-03
-1.858102390542626381e-03
-1.891967025585472584e-03
-1.852806191891431808e-03
-1.854938454926013947e-03
-1.867085346020758152e-03
-1.826850348152220249e-03
-1.828248845413327217e-03
-1.851811655797064304e-03
-1.916200155392289162e-03
-1.918622874654829502e-03
-1.958168577402830124e-03
-1.976545434445142746e-03
-1.956055872142314911e-03
-1.989786978811025620e-03
-1.943378476426005363e-03
-1.968106953427195549e-03
-2.010376891121268272e-03
-2.009453251957893372e-03
-2.102461177855730057e-03
-2.106009284034371376e-03
-2.101201098412275314e-03
-2.109722001478075981e-03
-2.041340805590152740e-03
-1.976509345695376396e-03
-1.959676854312419891e-03
-1.995583064854145050e-03
-1.977212494239211082e-03
-1.995130442082881927e-03
-1.935862936079502106e-03
-1.908813603222370148e-03
-1.870395848527550697e-03
-1.886869547888636589e-03
-1.750880270265042782e-03
-1.750539755448698997e-03
-1.793634495697915554e-03
-1.818886492401361465e-03
-1.841131597757339478e-03
-1.868264051154255867e-03
-1.888574450276792049e-03
-1.805571257136762142e-03
-1.846590195782482624e-03
-1.888570492155849934e-03
-1.835646573454141617e-03
-1.836019568145275116e-03
-1.874848385341465473e-03
-1.896708272397518158e-03
-1.880302093923091888e-03
-1.923331059515476227e-03
-1.939575304277241230e-03
-1.938350731506943703e-03
-1.978764310479164124e-03
-1.953066792339086533e-03
-1.964661059901118279e-03
-1.989370910450816154e-03
-2.057155827060341835e-03
-2.100747311487793922e-03
-2.079579513520002365e-03
-2.091295085847377777e-03
-2.013711025938391685e-03
-2.000005682930350304e-03
-1.940855639986693859e-03
-1.956647960469126701e-03
-1.956834457814693451e-03
-1.909698010422289371e-03
-1.906178076751530170e-03
-1.878697541542351246e-03
-1.832851208746433258e-03
-1.845760503783822060e-03
-1.705906703136861324e-03
-1.737022772431373596e-03
-1.773056690581142902e-03
-1.828307053074240685e-03
-1.886900980025529861e-03
-1.836549607105553150e-03
-1.854730886407196522e-03
-1.796116703189909458e-03
-1.811405294574797153e-03
-1.851721783168613911e-03
-1.808342523872852325e-03
-1.827260712161660194e-03
-1.822684891521930695e-03
-1.869712257757782936e-03
-1.858812174759805202e-03
-1.865829108282923698e-03
-1.914684660732746124e-03
-1.941239461302757263e-03
-1.946249161846935749e-03
-1.926849479787051678e-03
-1.904089353047311306e-03
-1.966989133507013321e-03
-2.055846620351076126e-03
-2.059587743133306503e-03
-2.001337241381406784e-03
-2.065361477434635162e-03
-1.964779570698738098e-03
-1.958196051418781281e-03
-1.913758344016969204e-03
-1.882199081592261791e-03
-1.921698683872818947e-03
-1.920047332532703876e-03
-1.867922372184693813e-03
-1.855391077697277069e-03
-1.876823254860937595e-03
-1.889175851829349995e-03
-1.716307597234845161e-03
-1.736373407766222954e-03
-1.736699370667338371e-03
-1.768223592080175877e-03
-1.836738316342234612e-03
-1.848437939770519733e-03
-1.853520050644874573e-03
-1.799714635126292706e-03
-1.748930313624441624e-03
-1.831847475841641426e-03
-1.776325399987399578e-03
-1.810489222407341003e-03
-1.815744675695896149e-03
-1.847219769842922688e-03
-1.825220766477286816e-03
-1.875932095572352409e-03
-1.895607798360288143e-03
-1.854346715845167637e-03
-1.923050498589873314e-03
-1.897168112918734550e-03
-1.892659580335021019e-03
-1.919137081131339073e-03
-2.034440869465470314e-03
-2.069962909445166588e-03
-1.958726672455668449e-03
-1.967454561963677406e-03
-1.932248589582741261e-03
-1.931606326252222061e-03
-1.883536227978765965e-03
-1.933264080435037613e-03
-1.871663727797567844e-03
-1.881570671685039997e-03
-1.857487950474023819e-03
-1.835156232118606567e-03
-1.838731579482555389e-03
-1.809010398574173450e-03
-1.667759497649967670e-03
-1.743808155879378319e-03
-1.770371221937239170e-03
-1.768363290466368198e-03
-1.789174741134047508e-03
-1.834450988098978996e-03
-1.786137698218226433e-03
-1.825659302994608879e-03
-1.741735846735537052e-03
-1.836123177781701088e-03
-1.744633540511131287e-03
-1.742703490890562534e-03
-1.789175672456622124e-03
-1.794051029719412327e-03
-1.823224243707954884e-03
-1.851613400503993034e-03
-1.832819893024861813e-03
-1.812840346246957779e-03
-1.887088408693671227e-03
-1.904098433442413807e-03
-1.858777948655188084e-03
-1.947716693393886089e-03
-2.004599431529641151e-03
-1.972250640392303467e-03
-1.932865823619067669e-03
-1.939641661010682583e-03
-1.933669438585639000e-03
-1.885684672743082047e-03
-1.820930279791355133e-03
-1.890004612505435944e-03
-1.881506643258035183e-03
-1.810321584343910217e-03
-1.803129678592085838e-03
-1.851339358836412430e-03
-1.819882541894912720e-03
-1.861389726400375366e-03
-1.670958590693771839e-03
-1.746483263559639454e-03
-1.722140237689018250e-03
-1.770668663084506989e-03
-1.825668732635676861e-03
-1.806495711207389832e-03
-1.775027718394994736e-03
-1.822828897275030613e-03
-1.825571293011307716e-03
-1.750220661051571369e-03
-1.754696830175817013e-03
-1.718992483802139759e-03
-1.759711420163512230e-03
-1.758127240464091301e-03
-1.842809608206152916e-03
-1.829587970860302448e-03
-1.818806282244622707e-03
-1.827970845624804497e-03
-1.845612190663814545e-03
-1.855883747339248657e-03
-1.877567032352089882e-03
-1.932654646225273609e-03
-1.911801518872380257e-03
-1.956282882019877434e-03
-1.952831400558352470e-03
-1.950205536559224129e-03
-1.901244861073791981e-03
-1.851370325312018394e-03
-1.797105302102863789e-03
-1.850636675953865051e-03
-1.843418809585273266e-03
-1.782524166628718376e-03
-1.752741867676377296e-03
-1.799785299226641655e-03
-1.779329031705856323e-03
-1.865788362920284271e-03
-1.641285372897982597e-03
-1.740513835102319717e-03
-1.723874476738274097e-03
-1.751293195411562920e-03
-1.836985815316438675e-03
-1.801173435524106026e-03
-1.771759358234703541e-03
-1.823912374675273895e-03
-1.802070648409426212e-03
-1.750258146785199642e-03
-1.701833563856780529e-03
-1.728707458823919296e-03
-1.744344248436391354e-03
-1.750979572534561157e-03
-1.792313065379858017e-03
-1.801706501282751560e-03
-1.790866139344871044e-03
-1.753336982801556587e-03
-1.819554367102682590e-03
-1.821625861339271069e-03
-1.874099019914865494e-03
-1.896207686513662338e-03
-1.868439139798283577e-03
-1.971238292753696442e-03
-1.911237952299416065e-03
-1.907022669911384583e-03
-1.874526729807257652e-03
-1.771879964508116245e-03
-1.853744150139391422e-03
-1.824486418627202511e-03
-1.841412391513586044e-03
-1.775162643752992153e-03
-1.748666516505181789e-03
-1.775547978468239307e-03
-1.739455852657556534e-03
-1.863265410065650940e-03
-1.658011693507432938e-03
-1.738936756737530231e-03
-1.723814406432211399e-03
-1.742299762554466724e-03
-1.793922623619437218e-03
-1.781645696610212326e-03
-1.809194451197981834e-03
-1.751821371726691723e-03
-1.819881843402981758e-03
-1.741195213980972767e-03
-1.700339606031775475e-03
-1.736555364914238453e-03
-1.741196494549512863e-03
-1.786666689440608025e-03
-1.717771403491497040e-03
-1.794302836060523987e-03
-1.798415556550025940e-03
-1.726273912936449051e-03
-1.829665619879961014e-03
-1.785628381185233593e-03
-1.861487398855388165e-03
-1.860972959548234940e-03
-1.844671322032809258e-03
-1.891428837552666664e-03
-1.887590391561388969e-03
-1.886571059003472328e-03
-1.844042213633656502e-03
-1.756639219820499420e-03
-1.824825420044362545e-03
-1.795463729649782181e-03
-1.781139522790908813e-03
-1.822432386688888073e-03
-1.760405255481600761e-03
-1.729290466755628586e-03
-1.722202054224908352e-03
-1.785657485015690327e-03
-1.651639468036592007e-03
-1.764376298524439335e-03
-1.729973708279430866e-03
-1.730940886773169041e-03
-1.797421253286302090e-03
-1.772624091245234013e-03
-1.754768891260027885e-03
-1.752245938405394554e-03
-1.733011449687182903e-03
-1.702830544672906399e-03
-1.696042832918465137e-03
-1.698330393992364407e-03
-1.777688506990671158e-03
-1.746571855619549751e-03
-1.757167279720306396e-03
-1.806290121749043465e-03
-1.763351960107684135e-03
-1.735568745061755180e-03
-1.812887028791010380e-03
-1.804806408472359180e-03
-1.801428501494228840e-03
-1.808309694752097130e-03
-1.882440294139087200e-03
-1.877570874057710171e-03
-1.877585076726973057e-03
-1.906481338664889336e-03
-1.832290901802480221e-03
-1.794877229258418083e-03
-1.774132368154823780e-03
-1.791456597857177258e-03
-1.747134258039295673e-03
-1.795890042558312416e-03
-1.726839574985206127e-03
-1.684961840510368347e-03
-1.682473113760352135e-03
-1.780607854016125202e-03
-1.736124977469444275e-03
-1.707550603896379471e-03
-1.735195051878690720e-03
-1.756952726282179356e-03
-1.813191687688231468e-03
-1.748041133396327496e-03
-1.735776080749928951e-03
-1.746582682244479656e-03
-1.730058342218399048e-03
-1.733274664729833603e-03
-1.733913319185376167e-03
-1.707102055661380291e-03
-1.764087239280343056e-03
-1.741503016091883183e-03
-1.762237283401191235e-03
-1.769804977811872959e-03
-1.752212643623352051e-03
-1.809533569030463696e-03
-1.782808103598654270e-03
-1.816072617657482624e-03
-1.781226834282279015e-03
-1.783879240974783897e-03
-1.867007231339812279e-03
-1.875398680567741394e-03
-1.882835407741367817e-03
-1.890951534733176231e-03
-1.793267671018838882e-03
-1.722936518490314484e-03
-1.721052103675901890e-03
-1.737832324579358101e-03
-1.683134702034294605e-03
-1.811722177080810070e-03
-1.700965338386595249e-03
-1.651508850045502186e-03
-1.659578294493257999e-03
-1.753497053869068623e-03
-1.722706248983740807e-03
-1.713197678327560425e-03
-1.716355793178081512e-03
-1.753382850438356400e-03
-1.792047987692058086e-03
-1.774343079887330532e-03
-1.784290536306798458e-03
-1.732256379909813404e-03
-1.700352411717176437e-03
-1.746994559653103352e-03
-1.701873610727488995e-03
-1.695259590633213520e-03
-1.706280279904603958e-03
-1.770669361576437950e-03
-1.661214977502822876e-03
-1.756082754582166672e-03
-1.782122883014380932e-03
-1.790074747987091541e-03
-1.758126425556838512e-03
-1.826606225222349167e-03
-1.769133494235575199e-03
-1.762299332767724991e-03
-1.821297686547040939e-03
-1.889814273454248905e-03
-1.858566189184784889e-03
-1.855718088336288929e-03
-1.770348753780126572e-03
-1.690612407401204109e-03
-1.716900384053587914e-03
-1.751285395585000515e-03
-1.688817632384598255e-03
-1.744330627843737602e-03
-1.729680341668426991e-03
-1.700288150459527969e-03
-1.639779657125473022e-03
-1.791606307961046696e-03
-1.684596296399831772e-03
-1.711533637717366219e-03
-1.751137780956923962e-03
-1.755194854922592640e-03
-1.752455136738717556e-03
-1.755191595293581486e-03
-1.800500787794589996e-03
-1.739777158945798874e-03
-1.720951637253165245e-03
-1.669163932092487812e-03
-1.720686675980687141e-03
-1.672250451520085335e-03
-1.714927144348621368e-03
-1.717048930004239082e-03
-1.671919599175453186e-03
-1.682876260019838810e-03
-1.780594931915402412e-03
-1.788284513168036938e-03
-1.813026377931237221e-03
-1.808127504773437977e-03
-1.748749171383678913e-03
-1.765283057466149330e-03
-1.790552283637225628e-03
-1.859098905697464943e-03
-1.813556766137480736e-03
-1.782833365723490715e-03
-1.792051945813000202e-03
-1.687548472546041012e-03
-1.688343705609440804e-03
-1.728469971567392349e-03
-1.723694149404764175e-03
-1.701465225778520107e-03
-1.701719476841390133e-03
-1.607716316357254982e-03
-1.680625253356993198e-03
-1.810914953239262104e-03
-1.622514217160642147e-03
-1.707509742118418217e-03
-1.748690963722765446e-03
-1.752259442582726479e-03
-1.769974944181740284e-03
-1.686024712398648262e-03
-1.782990177161991596e-03
-1.758304657414555550e-03
-1.671544276177883148e-03
-1.641450799070298672e-03
-1.661695074290037155e-03
-1.668260665610432625e-03
-1.697780913673341274e-03
-1.717905979603528976e-03
-1.665953430347144604e-03
-1.707681803964078426e-03
-1.739452243782579899e-03
-1.726860995404422283e-03
-1.758256461471319199e-03
-1.810059649869799614e-03
-1.736877718940377235e-03
-1.769086928106844425e-03
-1.834074966609477997e-03
-1.859322539530694485e-03
-1.830436638556420803e-03
-1.784864813089370728e-03
-1.775811542756855488e-03
-1.683017704635858536e-03
-1.684204791672527790e-03
-1.692999619990587234e-03
-1.678798929788172245e-03
-1.695947139523923397e-03
-1.687454408966004848e-03
-1.655717962421476841e-03
-1.612017164006829262e-03
-1.766872825101017952e-03
-1.741746906191110611e-03
-1.712650177069008350e-03
-1.745816902257502079e-03
-1.738321268931031227e-03
-1.784594263881444931e-03
-1.696376944892108440e-03
-1.696109422482550144e-03
-1.693893689662218094e-03
-1.737076323479413986e-03
-1.652082544751465321e-03
-1.646704506129026413e-03
-1.667565433308482170e-03
-1.699996879324316978e-03
-1.731671392917633057e-03
-1.637119916267693043e-03
-1.692594378255307674e-03
-1.755049335770308971e-03
-1.785357715561985970e-03
-1.746973837725818157e-03
-1.720399479381740093e-03
-1.741127576678991318e-03
-1.775809563696384430e-03
-1.842985744588077068e-03
-1.796011580154299736e-03
-1.795138814486563206e-03
-1.804377068765461445e-03
-1.730706891976296902e-03
-1.746252179145812988e-03
-1.691288314759731293e-03
-1.677224878221750259e-03
-1.657480257563292980e-03
-1.710686832666397095e-03
-1.616679946891963482e-03
-1.661903108470141888e-03
-1.655345782637596130e-03
-1.746624242514371872e-03
-1.720544416457414627e-03
-1.730342395603656769e-03
-1.646731514483690262e-03
-1.713634119369089603e-03
-1.751601696014404297e-03
-1.697943313047289848e-03
-1.682032365351915359e-03
-1.665518502704799175e-03
-1.735118916258215904e-03
-1.637643435969948769e-03
-1.664395909756422043e-03
-1.650717225857079029e-03
-1.752726035192608833e-03
-1.723373308777809143e-03
-1.626589102670550346e-03
-1.704998663626611233e-03
-1.759174978360533714e-03
-1.742565073072910309e-03
-1.718770014122128487e-03
-1.729381969198584557e-03
-1.733548939228057861e-03
-1.768936286680400372e-03
-1.773264957591891289e-03
-1.792350667528808117e-03
-1.746454858221113682e-03
-1.728970208205282688e-03
-1.736708101816475391e-03
-1.748992828652262688e-03
-1.657340209931135178e-03
-1.720199361443519592e-03
-1.671322155743837357e-03
-1.666444819420576096e-03
-1.624149968847632408e-03
-1.612878753803670406e-03
-1.604382530786097050e-03
-1.759097678586840630e-03
-1.725356909446418285e-03
-1.721846871078014374e-03
-1.632245723158121109e-03
-1.741618849337100983e-03
-1.743162865750491619e-03
-1.678809290751814842e-03
-1.658705878071486950e-03
-1.671418431214988232e-03
-1.703387708403170109e-03
-1.615346409380435944e-03
-1.666062977164983749e-03
-1.636385801248252392e-03
-1.740915817208588123e-03
-1.708533614873886108e-03
-1.761489897035062313e-03
-1.667512347921729088e-03
-1.687538693659007549e-03
-1.696725259535014629e-03
-1.702711568213999271e-03
-1.698014093562960625e-03
-1.718983869068324566e-03
-1.732805743813514709e-03
-1.760427025146782398e-03
-1.766166999004781246e-03
-1.754080643877387047e-03
-1.692430116236209869e-03
-1.719662453979253769e-03
-1.754683791659772396e-03
-1.635678578168153763e-03
-1.685694907791912556e-03
-1.615735935047268867e-03
-1.662115799263119698e-03
-1.638013403862714767e-03
-1.596766058355569839e-03
-1.597939291968941689e-03
-1.715272432193160057e-03
-1.654730876907706261e-03
-1.732807839289307594e-03
-1.644956530071794987e-03
-1.731082797050476074e-03
-1.761580584570765495e-03
-1.655673608183860779e-03
-1.750052440911531448e-03
-1.679864712059497833e-03
-1.649177982471883297e-03
-1.595549634657800198e-03
-1.629097620025277138e-03
-1.629213569685816765e-03
-1.715977094136178493e-03
-1.723940717056393623e-03
-1.748171285726130009e-03
-1.673194812610745430e-03
-1.698940875940024853e-03
-1.691263983957469463e-03
-1.684629940427839756e-03
-1.744415727443993092e-03
-1.700394903309643269e-03
-1.720438012853264809e-03
-1.773352036252617836e-03
-1.788222696632146835e-03
-1.729775220155715942e-03
-1.744200009852647781e-03
-1.662236172705888748e-03
-1.649481826461851597e-03
-1.615081564523279667e-03
-1.660403679125010967e-03
-1.575926202349364758e-03
-1.621497911401093006e-03
-1.620626775547862053e-03
-1.558531774207949638e-03
-1.577819231897592545e-03
-1.767042675055563450e-03
-1.679944805800914764e-03
-1.685084658674895763e-03
-1.722966087982058525e-03
-1.719903550110757351e-03
-1.715881284326314926e-03
-1.711443881504237652e-03
-1.755568664520978928e-03
-1.652402337640523911e-03
-1.667404780164361000e-03
-1.717087929137051105e-03
-1.638012821786105633e-03
-1.665085670538246632e-03
-1.624328084290027618e-03
-1.693381695076823235e-03
-1.732173026539385319e-03
-1.695747603662312031e-03
-1.711267046630382538e-03
-1.668164273723959923e-03
-1.707618474029004574e-03
-1.744858338497579098e-03
-1.723473775200545788e-03
-1.742677297443151474e-03
-1.784628024324774742e-03
-1.783731626346707344e-03
-1.733572338707745075e-03
-1.712310011498630047e-03
-1.668839133344590664e-03
-1.631840132176876068e-03
-1.601089374162256718e-03
-1.631903462111949921e-03
-1.592656597495079041e-03
-1.578939729370176792e-03
-1.626359531655907631e-03
-1.582860015332698822e-03
-1.543945865705609322e-03
-1.742038177326321602e-03
-1.673963619396090508e-03
-1.686530653387308121e-03
-1.716852770186960697e-03
-1.688223681412637234e-03
-1.721466891467571259e-03
-1.693021273240447044e-03
-1.734087942168116570e-03
-1.654653577134013176e-03
-1.668230863288044930e-03
-1.710681011900305748e-03
-1.666732016019523144e-03
-1.641870709136128426e-03
-1.613553147763013840e-03
-1.646547345444560051e-03
-1.667571603320538998e-03
-1.655973726883530617e-03
-1.694469712674617767e-03
-1.684454386122524738e-03
-1.714192098006606102e-03
-1.722041983157396317e-03
-1.705749309621751308e-03
-1.760899554938077927e-03
-1.757219783030450344e-03
-1.742598600685596466e-03
-1.716905855573713779e-03
-1.717147883027791977e-03
-1.675271196290850639e-03
-1.639799447730183601e-03
-1.612104824744164944e-03
-1.582285272888839245e-03
-1.600990304723381996e-03
-1.554233836941421032e-03
-1.626485260203480721e-03
-1.558111049234867096e-03
-1.532335416413843632e-03
-1.727067283354699612e-03
-1.706045470200479031e-03
-1.703284215182065964e-03
-1.708204625174403191e-03
-1.702303998172283173e-03
-1.735229627229273319e-03
-1.676024170592427254e-03
-1.670129830017685890e-03
-1.702531124465167522e-03
-1.583625678904354572e-03
-1.665904303081333637e-03
-1.653343089856207371e-03
-1.637785695493221283e-03
-1.602529897354543209e-03
-1.673483871854841709e-03
-1.642450457438826561e-03
-1.658115419559180737e-03
-1.676411950029432774e-03
-1.711077289655804634e-03
-1.708569470793008804e-03
-1.720378873869776726e-03
-1.677571213804185390e-03
-1.751041039824485779e-03
-1.777810743078589439e-03
-1.733755576424300671e-03
-1.704667694866657257e-03
-1.655407366342842579e-03
-1.665642252191901207e-03
-1.674744300544261932e-03
-1.621457282453775406e-03
-1.566352904774248600e-03
-1.591402920894324780e-03
-1.556480885483324528e-03
-1.612326363101601601e-03
-1.530342036858201027e-03
-1.565981307066977024e-03
-1.757223973982036114e-03
-1.703851739875972271e-03
-1.699816901236772537e-03
-1.717898296192288399e-03
-1.690953969955444336e-03
-1.712303841486573219e-03
-1.684002927504479885e-03
-1.686294795945286751e-03
-1.676668412983417511e-03
-1.605663914233446121e-03
-1.696343650110065937e-03
-1.616912428289651871e-03
-1.620022347196936607e-03
-1.673358608968555927e-03
-1.653512823395431042e-03
-1.646564109250903130e-03
-1.667532720603048801e-03
-1.684264861978590488e-03
-1.703850110061466694e-03
-1.689502852968871593e-03
-1.716296537779271603e-03
-1.732575357891619205e-03
-1.732194563373923302e-03
-1.773247262462973595e-03
-1.728719915263354778e-03
-1.653504325076937675e-03
-1.623046817258000374e-03
-1.639234367758035660e-03
-1.632597530260682106e-03
-1.586663187481462955e-03
-1.545317005366086960e-03
-1.542193465866148472e-03
-1.530262990854680538e-03
-1.563817961141467094e-03
-1.580219366587698460e-03
-1.566607737913727760e-03
-1.730120508000254631e-03
-1.694739330559968948e-03
-1.684634247794747353e-03
-1.655023545026779175e-03
-1.647912198677659035e-03
-1.689336262643337250e-03
-1.673763152211904526e-03
-1.651362632401287556e-03
-1.666274387389421463e-03
-1.619345857761800289e-03
-1.623141695745289326e-03
-1.601869240403175354e-03
-1.586696831509470940e-03
-1.664104987867176533e-03
-1.622119802050292492e-03
-1.644503208808600903e-03
-1.637942274101078510e-03
-1.647962373681366444e-03
-1.622954499907791615e-03
-1.686447300016880035e-03
-1.687682932242751122e-03
-1.701106550171971321e-03
-1.750719849951565266e-03
-1.739447936415672302e-03
-1.682967180386185646e-03
-1.635992666706442833e-03
-1.583655481226742268e-03
-1.638001063838601112e-03
-1.626058248803019524e-03
-1.590048894286155701e-03
-1.597916358150541782e-03
-1.560732373036444187e-03
-1.497208839282393456e-03
-1.564729609526693821e-03
-1.577384304255247116e-03
-1.530289649963378906e-03
